<?xml version="1.0" encoding="UTF-8"?>
<!-- Generated by org.testng.reporters.JUnitReportReporter -->
<testsuite hostname="DESKTOP-KML9RV5" failures="0" tests="11" name="Grid.FirefoxNode" time="58.968" errors="0" timestamp="2022-03-04T07:26:05 PST" skipped="0">
  <testcase classname="Grid.FirefoxNode" name="InputValidPassword" time="9.738"/>
  <system-out/>
  <testcase classname="Grid.FirefoxNode" name="TestSignout" time="10.379"/>
  <system-out/>
  <testcase classname="Grid.FirefoxNode" name="pswrdTestErrorMessage" time="2.033"/>
  <system-out/>
  <testcase classname="Grid.FirefoxNode" name="nonexistentErrorMessage" time="2.023"/>
  <system-out/>
  <testcase classname="Grid.FirefoxNode" name="testUseAnotherAccount" time="7.024"/>
  <system-out/>
  <testcase classname="Grid.FirefoxNode" name="InputValidEmail" time="4.279"/>
  <system-out/>
  <testcase classname="Grid.FirefoxNode" name="SigninButton" time="3.926"/>
  <system-out/>
  <testcase classname="Grid.FirefoxNode" name="testonlyUsername" time="6.310"/>
  <system-out/>
  <testcase classname="Grid.FirefoxNode" name="testNonExistentEmail" time="4.258"/>
  <system-out/>
  <testcase classname="Grid.FirefoxNode" name="TestSavedAccount" time="3.862"/>
  <system-out/>
  <testcase classname="Grid.FirefoxNode" name="InputWrongPassword" time="5.136"/>
  <system-out/>
</testsuite> <!-- Grid.FirefoxNode -->
