<?xml version="1.0" encoding="UTF-8"?>
<!-- Generated by org.testng.reporters.JUnitReportReporter -->
<testsuite hostname="DESKTOP-KML9RV5" failures="0" tests="11" name="Grid.ChromeNode" time="59.364" errors="0" timestamp="2022-03-04T07:26:05 PST" skipped="0">
  <testcase classname="Grid.ChromeNode" name="SigninButton" time="5.797"/>
  <system-out/>
  <testcase classname="Grid.ChromeNode" name="testonlyUsername" time="6.144"/>
  <system-out/>
  <testcase classname="Grid.ChromeNode" name="TestSignout" time="11.730"/>
  <system-out/>
  <testcase classname="Grid.ChromeNode" name="testNonExistentEmail" time="4.137"/>
  <system-out/>
  <testcase classname="Grid.ChromeNode" name="InputValidEmail" time="4.158"/>
  <system-out/>
  <testcase classname="Grid.ChromeNode" name="nonexistentErrorMessage" time="2.030"/>
  <system-out/>
  <testcase classname="Grid.ChromeNode" name="TestSavedAccount" time="3.783"/>
  <system-out/>
  <testcase classname="Grid.ChromeNode" name="InputWrongPassword" time="5.515"/>
  <system-out/>
  <testcase classname="Grid.ChromeNode" name="testUseAnotherAccount" time="6.125"/>
  <system-out/>
  <testcase classname="Grid.ChromeNode" name="InputValidPassword" time="7.916"/>
  <system-out/>
  <testcase classname="Grid.ChromeNode" name="pswrdTestErrorMessage" time="2.029"/>
  <system-out/>
</testsuite> <!-- Grid.ChromeNode -->
