<?xml version="1.0" encoding="UTF-8"?>
<!-- Generated by org.testng.reporters.JUnitReportReporter -->
<testsuite hostname="DESKTOP-KML9RV5" failures="0" tests="11" name="Grid.Node1" time="51.934" errors="0" timestamp="2022-02-19T17:38:14 PST" skipped="0">
  <testcase classname="Grid.Node1" name="SigninButton" time="3.565"/>
  <system-out/>
  <testcase classname="Grid.Node1" name="testonlyUsername" time="6.157"/>
  <system-out/>
  <testcase classname="Grid.Node1" name="TestSignout" time="9.084"/>
  <system-out/>
  <testcase classname="Grid.Node1" name="TestSavedAccount" time="3.162"/>
  <system-out/>
  <testcase classname="Grid.Node1" name="testUseAnotherAccount" time="5.443"/>
  <system-out/>
  <testcase classname="Grid.Node1" name="InputWrongPassword" time="4.983"/>
  <system-out/>
  <testcase classname="Grid.Node1" name="InputValidPassword" time="7.194"/>
  <system-out/>
  <testcase classname="Grid.Node1" name="InputValidEmail" time="4.141"/>
  <system-out/>
  <testcase classname="Grid.Node1" name="nonexistentErrorMessage" time="2.039"/>
  <system-out/>
  <testcase classname="Grid.Node1" name="testNonExistentEmail" time="4.127"/>
  <system-out/>
  <testcase classname="Grid.Node1" name="pswrdTestErrorMessage" time="2.039"/>
  <system-out/>
</testsuite> <!-- Grid.Node1 -->
