<?xml version="1.0" encoding="UTF-8"?>
<!-- Generated by org.testng.reporters.JUnitReportReporter -->
<testsuite hostname="DESKTOP-KML9RV5" failures="0" tests="1" name="Grid.TestGrid" time="12.779" errors="0" timestamp="2022-02-19T15:49:17 PST" skipped="0">
  <testcase classname="Grid.TestGrid" name="f" time="12.779"/>
  <system-out/>
</testsuite> <!-- Grid.TestGrid -->
